2022-08-23 15:08:41.227  INFO 23740 --- [main] c.l.datadispose.DataDisposeApplication   : Starting DataDisposeApplication using Java 17.0.3.1 on Light-D with PID 23740 (C:\Users\Light\Desktop\桌面项目集合\DataDispose\target\classes started by Light in C:\Users\Light\Desktop\桌面项目集合\DataDispose)
2022-08-23 15:08:41.232  INFO 23740 --- [main] c.l.datadispose.DataDisposeApplication   : No active profile set, falling back to 1 default profile: "default"
2022-08-23 15:08:42.893  INFO 23740 --- [main] o.s.b.w.embedded.tomcat.TomcatWebServer  : Tomcat initialized with port(s): 8080 (http)
2022-08-23 15:08:42.903  INFO 23740 --- [main] o.apache.catalina.core.StandardService   : Starting service [Tomcat]
2022-08-23 15:08:42.904  INFO 23740 --- [main] org.apache.catalina.core.StandardEngine  : Starting Servlet engine: [Apache Tomcat/9.0.65]
2022-08-23 15:08:43.024  INFO 23740 --- [main] o.a.c.c.C.[Tomcat].[localhost].[/]       : Initializing Spring embedded WebApplicationContext
2022-08-23 15:08:43.024  INFO 23740 --- [main] w.s.c.ServletWebServerApplicationContext : Root WebApplicationContext: initialization completed in 1719 ms
2022-08-23 15:08:43.242  INFO 23740 --- [main] org.reflections.Reflections              : Reflections took 45 ms to scan 1 urls, producing 4 keys and 5 values
2022-08-23 15:08:43.526  INFO 23740 --- [main] com.alibaba.druid.pool.DruidDataSource   : {dataSource-1,master} inited
2022-08-23 15:08:43.530  INFO 23740 --- [main] com.alibaba.druid.pool.DruidDataSource   : {dataSource-2,note} inited
2022-08-23 15:08:43.531  INFO 23740 --- [main] c.b.d.d.DynamicRoutingDataSource         : dynamic-datasource - add a datasource named [note] success
2022-08-23 15:08:43.532  INFO 23740 --- [main] c.b.d.d.DynamicRoutingDataSource         : dynamic-datasource - add a datasource named [master] success
2022-08-23 15:08:43.532  INFO 23740 --- [main] c.b.d.d.DynamicRoutingDataSource         : dynamic-datasource initial loaded [2] datasource,primary datasource named [master]
2022-08-23 15:08:44.155  INFO 23740 --- [main] o.s.b.a.w.s.WelcomePageHandlerMapping    : Adding welcome page template: index
2022-08-23 15:08:44.594  INFO 23740 --- [main] o.s.b.w.embedded.tomcat.TomcatWebServer  : Tomcat started on port(s): 8080 (http) with context path ''
2022-08-23 15:08:44.606  INFO 23740 --- [main] c.l.datadispose.DataDisposeApplication   : Started DataDisposeApplication in 3.96 seconds (JVM running for 4.696)
2022-08-23 15:11:03.003  INFO 23740 --- [SpringApplicationShutdownHook] c.b.d.d.DynamicRoutingDataSource         : dynamic-datasource start closing ....
2022-08-23 15:11:03.016  INFO 23740 --- [SpringApplicationShutdownHook] com.alibaba.druid.pool.DruidDataSource   : {dataSource-2} closing ...
2022-08-23 15:11:03.018  INFO 23740 --- [SpringApplicationShutdownHook] com.alibaba.druid.pool.DruidDataSource   : {dataSource-2} closed
2022-08-23 15:11:03.018  INFO 23740 --- [SpringApplicationShutdownHook] com.alibaba.druid.pool.DruidDataSource   : {dataSource-1} closing ...
2022-08-23 15:11:03.018  INFO 23740 --- [SpringApplicationShutdownHook] com.alibaba.druid.pool.DruidDataSource   : {dataSource-1} closed
2022-08-23 15:11:03.019  INFO 23740 --- [SpringApplicationShutdownHook] c.b.d.d.DynamicRoutingDataSource         : dynamic-datasource all closed success,bye
