2022-10-29 08:02:23.144  INFO 77280 --- [SpringApplicationShutdownHook] c.b.d.d.DynamicRoutingDataSource         : dynamic-datasource start closing ....
2022-10-29 08:02:23.163  INFO 77280 --- [SpringApplicationShutdownHook] com.alibaba.druid.pool.DruidDataSource   : {dataSource-3} closing ...
2022-10-29 08:02:23.168  INFO 77280 --- [SpringApplicationShutdownHook] com.alibaba.druid.pool.DruidDataSource   : {dataSource-3} closed
2022-10-29 08:02:23.169  INFO 77280 --- [SpringApplicationShutdownHook] com.alibaba.druid.pool.DruidDataSource   : {dataSource-2} closing ...
2022-10-29 08:02:23.169  INFO 77280 --- [SpringApplicationShutdownHook] com.alibaba.druid.pool.DruidDataSource   : {dataSource-2} closed
2022-10-29 08:02:23.170  INFO 77280 --- [SpringApplicationShutdownHook] com.alibaba.druid.pool.DruidDataSource   : {dataSource-1} closing ...
2022-10-29 08:02:23.171  INFO 77280 --- [SpringApplicationShutdownHook] com.alibaba.druid.pool.DruidDataSource   : {dataSource-1} closed
2022-10-29 08:02:23.171  INFO 77280 --- [SpringApplicationShutdownHook] c.b.d.d.DynamicRoutingDataSource         : dynamic-datasource all closed success,bye
2022-10-29 08:25:09.369  INFO 25732 --- [main] c.l.datadispose.DataDisposeApplication   : Starting DataDisposeApplication using Java 17.0.3.1 on Light-D with PID 25732 (C:\Users\Light\Desktop\桌面项目集合\DataDispose\target\classes started by Light in C:\Users\Light\Desktop\桌面项目集合\DataDispose)
2022-10-29 08:25:09.374  INFO 25732 --- [main] c.l.datadispose.DataDisposeApplication   : No active profile set, falling back to 1 default profile: "default"
2022-10-29 08:25:11.664  INFO 25732 --- [main] o.s.b.w.embedded.tomcat.TomcatWebServer  : Tomcat initialized with port(s): 7070 (http)
2022-10-29 08:25:11.674  INFO 25732 --- [main] o.apache.catalina.core.StandardService   : Starting service [Tomcat]
2022-10-29 08:25:11.674  INFO 25732 --- [main] org.apache.catalina.core.StandardEngine  : Starting Servlet engine: [Apache Tomcat/9.0.65]
2022-10-29 08:25:11.784  INFO 25732 --- [main] o.a.c.c.C.[Tomcat].[localhost].[/]       : Initializing Spring embedded WebApplicationContext
2022-10-29 08:25:11.784  INFO 25732 --- [main] w.s.c.ServletWebServerApplicationContext : Root WebApplicationContext: initialization completed in 2235 ms
2022-10-29 08:25:12.097  INFO 25732 --- [main] com.alibaba.druid.pool.DruidDataSource   : {dataSource-1,master} inited
2022-10-29 08:25:12.102  INFO 25732 --- [main] com.alibaba.druid.pool.DruidDataSource   : {dataSource-2,point} inited
2022-10-29 08:25:12.104  INFO 25732 --- [main] com.alibaba.druid.pool.DruidDataSource   : {dataSource-3,maintain} inited
2022-10-29 08:25:12.104  INFO 25732 --- [main] c.b.d.d.DynamicRoutingDataSource         : dynamic-datasource - add a datasource named [maintain] success
2022-10-29 08:25:12.105  INFO 25732 --- [main] c.b.d.d.DynamicRoutingDataSource         : dynamic-datasource - add a datasource named [point] success
2022-10-29 08:25:12.105  INFO 25732 --- [main] c.b.d.d.DynamicRoutingDataSource         : dynamic-datasource - add a datasource named [master] success
2022-10-29 08:25:12.105  INFO 25732 --- [main] c.b.d.d.DynamicRoutingDataSource         : dynamic-datasource initial loaded [3] datasource,primary datasource named [master]
2022-10-29 08:25:12.553  INFO 25732 --- [main] org.reflections.Reflections              : Reflections took 53 ms to scan 1 urls, producing 7 keys and 42 values
2022-10-29 08:25:13.014  INFO 25732 --- [main] o.s.b.a.w.s.WelcomePageHandlerMapping    : Adding welcome page template: index
2022-10-29 08:25:13.357  INFO 25732 --- [main] o.s.b.w.embedded.tomcat.TomcatWebServer  : Tomcat started on port(s): 7070 (http) with context path ''
2022-10-29 08:25:13.366  INFO 25732 --- [main] c.l.datadispose.DataDisposeApplication   : Started DataDisposeApplication in 4.61 seconds (JVM running for 5.594)
2022-10-29 08:49:31.558  INFO 25732 --- [SpringApplicationShutdownHook] c.b.d.d.DynamicRoutingDataSource         : dynamic-datasource start closing ....
2022-10-29 08:49:31.566  INFO 25732 --- [SpringApplicationShutdownHook] com.alibaba.druid.pool.DruidDataSource   : {dataSource-3} closing ...
2022-10-29 08:49:31.568  INFO 25732 --- [SpringApplicationShutdownHook] com.alibaba.druid.pool.DruidDataSource   : {dataSource-3} closed
2022-10-29 08:49:31.568  INFO 25732 --- [SpringApplicationShutdownHook] com.alibaba.druid.pool.DruidDataSource   : {dataSource-2} closing ...
2022-10-29 08:49:31.568  INFO 25732 --- [SpringApplicationShutdownHook] com.alibaba.druid.pool.DruidDataSource   : {dataSource-2} closed
2022-10-29 08:49:31.568  INFO 25732 --- [SpringApplicationShutdownHook] com.alibaba.druid.pool.DruidDataSource   : {dataSource-1} closing ...
2022-10-29 08:49:31.569  INFO 25732 --- [SpringApplicationShutdownHook] com.alibaba.druid.pool.DruidDataSource   : {dataSource-1} closed
2022-10-29 08:49:31.569  INFO 25732 --- [SpringApplicationShutdownHook] c.b.d.d.DynamicRoutingDataSource         : dynamic-datasource all closed success,bye
2022-10-29 08:49:39.833  INFO 65084 --- [main] c.l.datadispose.DataDisposeApplication   : Starting DataDisposeApplication using Java 17.0.3.1 on Light-D with PID 65084 (C:\Users\Light\Desktop\桌面项目集合\DataDispose\target\classes started by Light in C:\Users\Light\Desktop\桌面项目集合\DataDispose)
2022-10-29 08:49:39.838  INFO 65084 --- [main] c.l.datadispose.DataDisposeApplication   : No active profile set, falling back to 1 default profile: "default"
2022-10-29 08:49:42.226  INFO 65084 --- [main] o.s.b.w.embedded.tomcat.TomcatWebServer  : Tomcat initialized with port(s): 7070 (http)
2022-10-29 08:49:42.238  INFO 65084 --- [main] o.apache.catalina.core.StandardService   : Starting service [Tomcat]
2022-10-29 08:49:42.239  INFO 65084 --- [main] org.apache.catalina.core.StandardEngine  : Starting Servlet engine: [Apache Tomcat/9.0.65]
2022-10-29 08:49:42.373  INFO 65084 --- [main] o.a.c.c.C.[Tomcat].[localhost].[/]       : Initializing Spring embedded WebApplicationContext
2022-10-29 08:49:42.374  INFO 65084 --- [main] w.s.c.ServletWebServerApplicationContext : Root WebApplicationContext: initialization completed in 2452 ms
2022-10-29 08:49:42.906  INFO 65084 --- [main] com.alibaba.druid.pool.DruidDataSource   : {dataSource-1,master} inited
2022-10-29 08:49:42.911  INFO 65084 --- [main] com.alibaba.druid.pool.DruidDataSource   : {dataSource-2,point} inited
2022-10-29 08:49:42.917  INFO 65084 --- [main] com.alibaba.druid.pool.DruidDataSource   : {dataSource-3,maintain} inited
2022-10-29 08:49:42.918  INFO 65084 --- [main] c.b.d.d.DynamicRoutingDataSource         : dynamic-datasource - add a datasource named [maintain] success
2022-10-29 08:49:42.920  INFO 65084 --- [main] c.b.d.d.DynamicRoutingDataSource         : dynamic-datasource - add a datasource named [point] success
2022-10-29 08:49:42.920  INFO 65084 --- [main] c.b.d.d.DynamicRoutingDataSource         : dynamic-datasource - add a datasource named [master] success
2022-10-29 08:49:42.920  INFO 65084 --- [main] c.b.d.d.DynamicRoutingDataSource         : dynamic-datasource initial loaded [3] datasource,primary datasource named [master]
2022-10-29 08:49:43.767  INFO 65084 --- [main] org.reflections.Reflections              : Reflections took 73 ms to scan 1 urls, producing 7 keys and 42 values
2022-10-29 08:49:44.430  INFO 65084 --- [main] o.s.b.a.w.s.WelcomePageHandlerMapping    : Adding welcome page template: index
2022-10-29 08:49:44.870  INFO 65084 --- [main] o.s.b.w.embedded.tomcat.TomcatWebServer  : Tomcat started on port(s): 7070 (http) with context path ''
2022-10-29 08:49:44.879  INFO 65084 --- [main] c.l.datadispose.DataDisposeApplication   : Started DataDisposeApplication in 5.884 seconds (JVM running for 7.094)
2022-10-29 08:55:07.387  INFO 65084 --- [http-nio-7070-exec-1] o.a.c.c.C.[Tomcat].[localhost].[/]       : Initializing Spring DispatcherServlet 'dispatcherServlet'
2022-10-29 08:55:07.387  INFO 65084 --- [http-nio-7070-exec-1] o.s.web.servlet.DispatcherServlet        : Initializing Servlet 'dispatcherServlet'
2022-10-29 08:55:07.389  INFO 65084 --- [http-nio-7070-exec-1] o.s.web.servlet.DispatcherServlet        : Completed initialization in 1 ms
2022-10-29 11:58:19.525  INFO 65084 --- [SpringApplicationShutdownHook] c.b.d.d.DynamicRoutingDataSource         : dynamic-datasource start closing ....
2022-10-29 11:58:19.534  INFO 65084 --- [SpringApplicationShutdownHook] com.alibaba.druid.pool.DruidDataSource   : {dataSource-3} closing ...
2022-10-29 11:58:19.536  INFO 65084 --- [SpringApplicationShutdownHook] com.alibaba.druid.pool.DruidDataSource   : {dataSource-3} closed
2022-10-29 11:58:19.537  INFO 65084 --- [SpringApplicationShutdownHook] com.alibaba.druid.pool.DruidDataSource   : {dataSource-2} closing ...
2022-10-29 11:58:19.540  INFO 65084 --- [SpringApplicationShutdownHook] com.alibaba.druid.pool.DruidDataSource   : {dataSource-2} closed
2022-10-29 11:58:19.540  INFO 65084 --- [SpringApplicationShutdownHook] com.alibaba.druid.pool.DruidDataSource   : {dataSource-1} closing ...
2022-10-29 11:58:19.541  INFO 65084 --- [SpringApplicationShutdownHook] com.alibaba.druid.pool.DruidDataSource   : {dataSource-1} closed
2022-10-29 11:58:19.541  INFO 65084 --- [SpringApplicationShutdownHook] c.b.d.d.DynamicRoutingDataSource         : dynamic-datasource all closed success,bye
2022-10-29 11:58:34.569  INFO 60428 --- [main] c.l.datadispose.DataDisposeApplication   : Starting DataDisposeApplication using Java 17.0.3.1 on Light-D with PID 60428 (C:\Users\Light\Desktop\桌面项目集合\DataDispose\target\classes started by Light in C:\Users\Light\Desktop\桌面项目集合\DataDispose)
2022-10-29 11:58:34.574  INFO 60428 --- [main] c.l.datadispose.DataDisposeApplication   : No active profile set, falling back to 1 default profile: "default"
2022-10-29 11:58:38.783  INFO 60428 --- [main] o.s.b.w.embedded.tomcat.TomcatWebServer  : Tomcat initialized with port(s): 7070 (http)
2022-10-29 11:58:38.798  INFO 60428 --- [main] o.apache.catalina.core.StandardService   : Starting service [Tomcat]
2022-10-29 11:58:38.799  INFO 60428 --- [main] org.apache.catalina.core.StandardEngine  : Starting Servlet engine: [Apache Tomcat/9.0.65]
2022-10-29 11:58:39.052  INFO 60428 --- [main] o.a.c.c.C.[Tomcat].[localhost].[/]       : Initializing Spring embedded WebApplicationContext
2022-10-29 11:58:39.052  INFO 60428 --- [main] w.s.c.ServletWebServerApplicationContext : Root WebApplicationContext: initialization completed in 4372 ms
2022-10-29 11:58:39.744  INFO 60428 --- [main] com.alibaba.druid.pool.DruidDataSource   : {dataSource-1,master} inited
2022-10-29 11:58:39.750  INFO 60428 --- [main] com.alibaba.druid.pool.DruidDataSource   : {dataSource-2,point} inited
2022-10-29 11:58:39.756  INFO 60428 --- [main] com.alibaba.druid.pool.DruidDataSource   : {dataSource-3,maintain} inited
2022-10-29 11:58:39.757  INFO 60428 --- [main] c.b.d.d.DynamicRoutingDataSource         : dynamic-datasource - add a datasource named [maintain] success
2022-10-29 11:58:39.759  INFO 60428 --- [main] c.b.d.d.DynamicRoutingDataSource         : dynamic-datasource - add a datasource named [point] success
2022-10-29 11:58:39.759  INFO 60428 --- [main] c.b.d.d.DynamicRoutingDataSource         : dynamic-datasource - add a datasource named [master] success
2022-10-29 11:58:39.760  INFO 60428 --- [main] c.b.d.d.DynamicRoutingDataSource         : dynamic-datasource initial loaded [3] datasource,primary datasource named [master]
2022-10-29 11:58:40.765  INFO 60428 --- [main] org.reflections.Reflections              : Reflections took 92 ms to scan 1 urls, producing 7 keys and 42 values
2022-10-29 11:58:41.731  INFO 60428 --- [main] o.s.b.a.w.s.WelcomePageHandlerMapping    : Adding welcome page template: index
2022-10-29 11:58:42.273  INFO 60428 --- [main] o.s.b.w.embedded.tomcat.TomcatWebServer  : Tomcat started on port(s): 7070 (http) with context path ''
2022-10-29 11:58:42.287  INFO 60428 --- [main] c.l.datadispose.DataDisposeApplication   : Started DataDisposeApplication in 8.888 seconds (JVM running for 10.593)
2022-10-29 13:06:10.869  INFO 60428 --- [http-nio-7070-exec-2] o.a.c.c.C.[Tomcat].[localhost].[/]       : Initializing Spring DispatcherServlet 'dispatcherServlet'
2022-10-29 13:06:10.870  INFO 60428 --- [http-nio-7070-exec-2] o.s.web.servlet.DispatcherServlet        : Initializing Servlet 'dispatcherServlet'
2022-10-29 13:06:10.872  INFO 60428 --- [http-nio-7070-exec-2] o.s.web.servlet.DispatcherServlet        : Completed initialization in 1 ms
2022-10-29 13:06:12.183  WARN 60428 --- [http-nio-7070-exec-3] o.s.web.servlet.PageNotFound             : No mapping for GET /api/historyExample
2022-10-29 13:10:40.933  WARN 60428 --- [http-nio-7070-exec-5] o.s.web.servlet.PageNotFound             : No mapping for GET /api/historyExample
2022-10-29 13:10:42.816  WARN 60428 --- [http-nio-7070-exec-6] o.s.web.servlet.PageNotFound             : No mapping for GET /api/historyExample
2022-10-29 13:10:47.030  WARN 60428 --- [http-nio-7070-exec-8] o.s.web.servlet.PageNotFound             : No mapping for GET /api/historyExample
2022-10-29 13:10:48.579  WARN 60428 --- [http-nio-7070-exec-9] o.s.web.servlet.PageNotFound             : No mapping for GET /api/historyExample
2022-10-29 13:11:05.561  WARN 60428 --- [http-nio-7070-exec-6] o.s.web.servlet.PageNotFound             : No mapping for GET /api/historyExample
2022-10-29 13:11:21.628  WARN 60428 --- [http-nio-7070-exec-7] o.s.web.servlet.PageNotFound             : No mapping for GET /api/historyExample
2022-10-29 13:12:51.179  INFO 60428 --- [SpringApplicationShutdownHook] c.b.d.d.DynamicRoutingDataSource         : dynamic-datasource start closing ....
2022-10-29 13:12:51.185  INFO 60428 --- [SpringApplicationShutdownHook] com.alibaba.druid.pool.DruidDataSource   : {dataSource-3} closing ...
2022-10-29 13:12:51.195  INFO 60428 --- [SpringApplicationShutdownHook] com.alibaba.druid.pool.DruidDataSource   : {dataSource-3} closed
2022-10-29 13:12:51.195  INFO 60428 --- [SpringApplicationShutdownHook] com.alibaba.druid.pool.DruidDataSource   : {dataSource-2} closing ...
2022-10-29 13:12:51.196  INFO 60428 --- [SpringApplicationShutdownHook] com.alibaba.druid.pool.DruidDataSource   : {dataSource-2} closed
2022-10-29 13:12:51.197  INFO 60428 --- [SpringApplicationShutdownHook] com.alibaba.druid.pool.DruidDataSource   : {dataSource-1} closing ...
2022-10-29 13:12:51.197  INFO 60428 --- [SpringApplicationShutdownHook] com.alibaba.druid.pool.DruidDataSource   : {dataSource-1} closed
2022-10-29 13:12:51.197  INFO 60428 --- [SpringApplicationShutdownHook] c.b.d.d.DynamicRoutingDataSource         : dynamic-datasource all closed success,bye
2022-10-29 13:13:06.908  INFO 67424 --- [main] c.l.datadispose.DataDisposeApplication   : Starting DataDisposeApplication using Java 17.0.3.1 on Light-D with PID 67424 (C:\Users\Light\Desktop\桌面项目集合\DataDispose\target\classes started by Light in C:\Users\Light\Desktop\桌面项目集合\DataDispose)
2022-10-29 13:13:06.912  INFO 67424 --- [main] c.l.datadispose.DataDisposeApplication   : No active profile set, falling back to 1 default profile: "default"
2022-10-29 13:13:08.396  INFO 67424 --- [main] o.s.b.w.embedded.tomcat.TomcatWebServer  : Tomcat initialized with port(s): 7070 (http)
2022-10-29 13:13:08.405  INFO 67424 --- [main] o.apache.catalina.core.StandardService   : Starting service [Tomcat]
2022-10-29 13:13:08.405  INFO 67424 --- [main] org.apache.catalina.core.StandardEngine  : Starting Servlet engine: [Apache Tomcat/9.0.65]
2022-10-29 13:13:08.505  INFO 67424 --- [main] o.a.c.c.C.[Tomcat].[localhost].[/]       : Initializing Spring embedded WebApplicationContext
2022-10-29 13:13:08.505  INFO 67424 --- [main] w.s.c.ServletWebServerApplicationContext : Root WebApplicationContext: initialization completed in 1522 ms
2022-10-29 13:13:08.740  INFO 67424 --- [main] com.alibaba.druid.pool.DruidDataSource   : {dataSource-1,master} inited
2022-10-29 13:13:08.744  INFO 67424 --- [main] com.alibaba.druid.pool.DruidDataSource   : {dataSource-2,point} inited
2022-10-29 13:13:08.748  INFO 67424 --- [main] com.alibaba.druid.pool.DruidDataSource   : {dataSource-3,maintain} inited
2022-10-29 13:13:08.748  INFO 67424 --- [main] c.b.d.d.DynamicRoutingDataSource         : dynamic-datasource - add a datasource named [maintain] success
2022-10-29 13:13:08.749  INFO 67424 --- [main] c.b.d.d.DynamicRoutingDataSource         : dynamic-datasource - add a datasource named [point] success
2022-10-29 13:13:08.749  INFO 67424 --- [main] c.b.d.d.DynamicRoutingDataSource         : dynamic-datasource - add a datasource named [master] success
2022-10-29 13:13:08.749  INFO 67424 --- [main] c.b.d.d.DynamicRoutingDataSource         : dynamic-datasource initial loaded [3] datasource,primary datasource named [master]
2022-10-29 13:13:09.161  INFO 67424 --- [main] org.reflections.Reflections              : Reflections took 42 ms to scan 1 urls, producing 7 keys and 42 values
2022-10-29 13:13:09.601  INFO 67424 --- [main] o.s.b.a.w.s.WelcomePageHandlerMapping    : Adding welcome page template: index
2022-10-29 13:13:09.927  INFO 67424 --- [main] o.s.b.w.embedded.tomcat.TomcatWebServer  : Tomcat started on port(s): 7070 (http) with context path ''
2022-10-29 13:13:09.936  INFO 67424 --- [main] c.l.datadispose.DataDisposeApplication   : Started DataDisposeApplication in 3.522 seconds (JVM running for 4.401)
2022-10-29 13:22:46.418  INFO 67424 --- [http-nio-7070-exec-1] o.a.c.c.C.[Tomcat].[localhost].[/]       : Initializing Spring DispatcherServlet 'dispatcherServlet'
2022-10-29 13:22:46.419  INFO 67424 --- [http-nio-7070-exec-1] o.s.web.servlet.DispatcherServlet        : Initializing Servlet 'dispatcherServlet'
2022-10-29 13:22:46.419  INFO 67424 --- [http-nio-7070-exec-1] o.s.web.servlet.DispatcherServlet        : Completed initialization in 0 ms
2022-10-29 13:22:47.899  WARN 67424 --- [http-nio-7070-exec-3] o.s.web.servlet.PageNotFound             : No mapping for GET /api/historyExample
2022-10-29 13:23:26.877  INFO 67424 --- [SpringApplicationShutdownHook] c.b.d.d.DynamicRoutingDataSource         : dynamic-datasource start closing ....
2022-10-29 13:23:26.880  INFO 67424 --- [SpringApplicationShutdownHook] com.alibaba.druid.pool.DruidDataSource   : {dataSource-3} closing ...
2022-10-29 13:23:26.882  INFO 67424 --- [SpringApplicationShutdownHook] com.alibaba.druid.pool.DruidDataSource   : {dataSource-3} closed
2022-10-29 13:23:26.882  INFO 67424 --- [SpringApplicationShutdownHook] com.alibaba.druid.pool.DruidDataSource   : {dataSource-2} closing ...
2022-10-29 13:23:26.888  INFO 67424 --- [SpringApplicationShutdownHook] com.alibaba.druid.pool.DruidDataSource   : {dataSource-2} closed
2022-10-29 13:23:26.888  INFO 67424 --- [SpringApplicationShutdownHook] com.alibaba.druid.pool.DruidDataSource   : {dataSource-1} closing ...
2022-10-29 13:23:26.889  INFO 67424 --- [SpringApplicationShutdownHook] com.alibaba.druid.pool.DruidDataSource   : {dataSource-1} closed
2022-10-29 13:23:26.889  INFO 67424 --- [SpringApplicationShutdownHook] c.b.d.d.DynamicRoutingDataSource         : dynamic-datasource all closed success,bye
2022-10-29 13:23:31.927  INFO 63244 --- [main] c.l.datadispose.DataDisposeApplication   : Starting DataDisposeApplication using Java 17.0.3.1 on Light-D with PID 63244 (C:\Users\Light\Desktop\桌面项目集合\DataDispose\target\classes started by Light in C:\Users\Light\Desktop\桌面项目集合\DataDispose)
2022-10-29 13:23:31.932  INFO 63244 --- [main] c.l.datadispose.DataDisposeApplication   : No active profile set, falling back to 1 default profile: "default"
2022-10-29 13:23:33.745  INFO 63244 --- [main] o.s.b.w.embedded.tomcat.TomcatWebServer  : Tomcat initialized with port(s): 7070 (http)
2022-10-29 13:23:33.754  INFO 63244 --- [main] o.apache.catalina.core.StandardService   : Starting service [Tomcat]
2022-10-29 13:23:33.754  INFO 63244 --- [main] org.apache.catalina.core.StandardEngine  : Starting Servlet engine: [Apache Tomcat/9.0.65]
2022-10-29 13:23:33.866  INFO 63244 --- [main] o.a.c.c.C.[Tomcat].[localhost].[/]       : Initializing Spring embedded WebApplicationContext
2022-10-29 13:23:33.867  INFO 63244 --- [main] w.s.c.ServletWebServerApplicationContext : Root WebApplicationContext: initialization completed in 1844 ms
2022-10-29 13:23:34.130  INFO 63244 --- [main] com.alibaba.druid.pool.DruidDataSource   : {dataSource-1,master} inited
2022-10-29 13:23:34.134  INFO 63244 --- [main] com.alibaba.druid.pool.DruidDataSource   : {dataSource-2,point} inited
2022-10-29 13:23:34.135  INFO 63244 --- [main] com.alibaba.druid.pool.DruidDataSource   : {dataSource-3,maintain} inited
2022-10-29 13:23:34.136  INFO 63244 --- [main] c.b.d.d.DynamicRoutingDataSource         : dynamic-datasource - add a datasource named [maintain] success
2022-10-29 13:23:34.137  INFO 63244 --- [main] c.b.d.d.DynamicRoutingDataSource         : dynamic-datasource - add a datasource named [point] success
2022-10-29 13:23:34.137  INFO 63244 --- [main] c.b.d.d.DynamicRoutingDataSource         : dynamic-datasource - add a datasource named [master] success
2022-10-29 13:23:34.137  INFO 63244 --- [main] c.b.d.d.DynamicRoutingDataSource         : dynamic-datasource initial loaded [3] datasource,primary datasource named [master]
2022-10-29 13:23:34.574  INFO 63244 --- [main] org.reflections.Reflections              : Reflections took 43 ms to scan 1 urls, producing 7 keys and 42 values
2022-10-29 13:23:35.059  INFO 63244 --- [main] o.s.b.a.w.s.WelcomePageHandlerMapping    : Adding welcome page template: index
2022-10-29 13:23:35.396  INFO 63244 --- [main] o.s.b.w.embedded.tomcat.TomcatWebServer  : Tomcat started on port(s): 7070 (http) with context path ''
2022-10-29 13:23:35.408  INFO 63244 --- [main] c.l.datadispose.DataDisposeApplication   : Started DataDisposeApplication in 4.001 seconds (JVM running for 4.717)
2022-10-29 13:24:07.486  INFO 63244 --- [SpringApplicationShutdownHook] c.b.d.d.DynamicRoutingDataSource         : dynamic-datasource start closing ....
2022-10-29 13:24:07.488  INFO 63244 --- [SpringApplicationShutdownHook] com.alibaba.druid.pool.DruidDataSource   : {dataSource-3} closing ...
2022-10-29 13:24:07.490  INFO 63244 --- [SpringApplicationShutdownHook] com.alibaba.druid.pool.DruidDataSource   : {dataSource-3} closed
2022-10-29 13:24:07.490  INFO 63244 --- [SpringApplicationShutdownHook] com.alibaba.druid.pool.DruidDataSource   : {dataSource-2} closing ...
2022-10-29 13:24:07.490  INFO 63244 --- [SpringApplicationShutdownHook] com.alibaba.druid.pool.DruidDataSource   : {dataSource-2} closed
2022-10-29 13:24:07.490  INFO 63244 --- [SpringApplicationShutdownHook] com.alibaba.druid.pool.DruidDataSource   : {dataSource-1} closing ...
2022-10-29 13:24:07.491  INFO 63244 --- [SpringApplicationShutdownHook] com.alibaba.druid.pool.DruidDataSource   : {dataSource-1} closed
2022-10-29 13:24:07.491  INFO 63244 --- [SpringApplicationShutdownHook] c.b.d.d.DynamicRoutingDataSource         : dynamic-datasource all closed success,bye
2022-10-29 13:24:13.353  INFO 65476 --- [main] c.l.datadispose.DataDisposeApplication   : Starting DataDisposeApplication using Java 17.0.3.1 on Light-D with PID 65476 (C:\Users\Light\Desktop\桌面项目集合\DataDispose\target\classes started by Light in C:\Users\Light\Desktop\桌面项目集合\DataDispose)
2022-10-29 13:24:13.358  INFO 65476 --- [main] c.l.datadispose.DataDisposeApplication   : No active profile set, falling back to 1 default profile: "default"
2022-10-29 13:24:15.596  INFO 65476 --- [main] o.s.b.w.embedded.tomcat.TomcatWebServer  : Tomcat initialized with port(s): 7070 (http)
2022-10-29 13:24:15.605  INFO 65476 --- [main] o.apache.catalina.core.StandardService   : Starting service [Tomcat]
2022-10-29 13:24:15.607  INFO 65476 --- [main] org.apache.catalina.core.StandardEngine  : Starting Servlet engine: [Apache Tomcat/9.0.65]
2022-10-29 13:24:15.784  INFO 65476 --- [main] o.a.c.c.C.[Tomcat].[localhost].[/]       : Initializing Spring embedded WebApplicationContext
2022-10-29 13:24:15.784  INFO 65476 --- [main] w.s.c.ServletWebServerApplicationContext : Root WebApplicationContext: initialization completed in 2339 ms
2022-10-29 13:24:16.236  INFO 65476 --- [main] com.alibaba.druid.pool.DruidDataSource   : {dataSource-1,master} inited
2022-10-29 13:24:16.243  INFO 65476 --- [main] com.alibaba.druid.pool.DruidDataSource   : {dataSource-2,point} inited
2022-10-29 13:24:16.248  INFO 65476 --- [main] com.alibaba.druid.pool.DruidDataSource   : {dataSource-3,maintain} inited
2022-10-29 13:24:16.249  INFO 65476 --- [main] c.b.d.d.DynamicRoutingDataSource         : dynamic-datasource - add a datasource named [maintain] success
2022-10-29 13:24:16.251  INFO 65476 --- [main] c.b.d.d.DynamicRoutingDataSource         : dynamic-datasource - add a datasource named [point] success
2022-10-29 13:24:16.252  INFO 65476 --- [main] c.b.d.d.DynamicRoutingDataSource         : dynamic-datasource - add a datasource named [master] success
2022-10-29 13:24:16.254  INFO 65476 --- [main] c.b.d.d.DynamicRoutingDataSource         : dynamic-datasource initial loaded [3] datasource,primary datasource named [master]
2022-10-29 13:24:16.919  INFO 65476 --- [main] org.reflections.Reflections              : Reflections took 99 ms to scan 1 urls, producing 7 keys and 42 values
2022-10-29 13:24:18.377  INFO 65476 --- [main] o.s.b.a.w.s.WelcomePageHandlerMapping    : Adding welcome page template: index
2022-10-29 13:24:19.299  INFO 65476 --- [main] o.s.b.w.embedded.tomcat.TomcatWebServer  : Tomcat started on port(s): 7070 (http) with context path ''
2022-10-29 13:24:19.328  INFO 65476 --- [main] c.l.datadispose.DataDisposeApplication   : Started DataDisposeApplication in 6.735 seconds (JVM running for 7.934)
2022-10-29 13:24:31.117  INFO 65476 --- [http-nio-7070-exec-3] o.a.c.c.C.[Tomcat].[localhost].[/]       : Initializing Spring DispatcherServlet 'dispatcherServlet'
2022-10-29 13:24:31.118  INFO 65476 --- [http-nio-7070-exec-3] o.s.web.servlet.DispatcherServlet        : Initializing Servlet 'dispatcherServlet'
2022-10-29 13:24:31.120  INFO 65476 --- [http-nio-7070-exec-3] o.s.web.servlet.DispatcherServlet        : Completed initialization in 1 ms
2022-10-29 13:24:31.152  WARN 65476 --- [http-nio-7070-exec-3] o.s.web.servlet.PageNotFound             : No mapping for GET /api/historyExample
2022-10-29 13:24:51.357  INFO 65476 --- [SpringApplicationShutdownHook] c.b.d.d.DynamicRoutingDataSource         : dynamic-datasource start closing ....
2022-10-29 13:24:51.361  INFO 65476 --- [SpringApplicationShutdownHook] com.alibaba.druid.pool.DruidDataSource   : {dataSource-3} closing ...
2022-10-29 13:24:51.363  INFO 65476 --- [SpringApplicationShutdownHook] com.alibaba.druid.pool.DruidDataSource   : {dataSource-3} closed
2022-10-29 13:24:51.364  INFO 65476 --- [SpringApplicationShutdownHook] com.alibaba.druid.pool.DruidDataSource   : {dataSource-2} closing ...
2022-10-29 13:24:51.364  INFO 65476 --- [SpringApplicationShutdownHook] com.alibaba.druid.pool.DruidDataSource   : {dataSource-2} closed
2022-10-29 13:24:51.364  INFO 65476 --- [SpringApplicationShutdownHook] com.alibaba.druid.pool.DruidDataSource   : {dataSource-1} closing ...
2022-10-29 13:24:51.365  INFO 65476 --- [SpringApplicationShutdownHook] com.alibaba.druid.pool.DruidDataSource   : {dataSource-1} closed
2022-10-29 13:24:51.366  INFO 65476 --- [SpringApplicationShutdownHook] c.b.d.d.DynamicRoutingDataSource         : dynamic-datasource all closed success,bye
2022-10-29 13:25:05.858  INFO 74808 --- [main] c.l.datadispose.DataDisposeApplication   : Starting DataDisposeApplication using Java 17.0.3.1 on Light-D with PID 74808 (C:\Users\Light\Desktop\桌面项目集合\DataDispose\target\classes started by Light in C:\Users\Light\Desktop\桌面项目集合\DataDispose)
2022-10-29 13:25:05.862  INFO 74808 --- [main] c.l.datadispose.DataDisposeApplication   : No active profile set, falling back to 1 default profile: "default"
2022-10-29 13:25:07.502  INFO 74808 --- [main] o.s.b.w.embedded.tomcat.TomcatWebServer  : Tomcat initialized with port(s): 7070 (http)
2022-10-29 13:25:07.510  INFO 74808 --- [main] o.apache.catalina.core.StandardService   : Starting service [Tomcat]
2022-10-29 13:25:07.511  INFO 74808 --- [main] org.apache.catalina.core.StandardEngine  : Starting Servlet engine: [Apache Tomcat/9.0.65]
2022-10-29 13:25:07.620  INFO 74808 --- [main] o.a.c.c.C.[Tomcat].[localhost].[/]       : Initializing Spring embedded WebApplicationContext
2022-10-29 13:25:07.621  INFO 74808 --- [main] w.s.c.ServletWebServerApplicationContext : Root WebApplicationContext: initialization completed in 1699 ms
2022-10-29 13:25:07.909  INFO 74808 --- [main] com.alibaba.druid.pool.DruidDataSource   : {dataSource-1,master} inited
2022-10-29 13:25:07.913  INFO 74808 --- [main] com.alibaba.druid.pool.DruidDataSource   : {dataSource-2,point} inited
2022-10-29 13:25:07.915  INFO 74808 --- [main] com.alibaba.druid.pool.DruidDataSource   : {dataSource-3,maintain} inited
2022-10-29 13:25:07.916  INFO 74808 --- [main] c.b.d.d.DynamicRoutingDataSource         : dynamic-datasource - add a datasource named [maintain] success
2022-10-29 13:25:07.917  INFO 74808 --- [main] c.b.d.d.DynamicRoutingDataSource         : dynamic-datasource - add a datasource named [point] success
2022-10-29 13:25:07.917  INFO 74808 --- [main] c.b.d.d.DynamicRoutingDataSource         : dynamic-datasource - add a datasource named [master] success
2022-10-29 13:25:07.917  INFO 74808 --- [main] c.b.d.d.DynamicRoutingDataSource         : dynamic-datasource initial loaded [3] datasource,primary datasource named [master]
2022-10-29 13:25:08.403  INFO 74808 --- [main] org.reflections.Reflections              : Reflections took 44 ms to scan 1 urls, producing 7 keys and 45 values
2022-10-29 13:25:08.810  INFO 74808 --- [main] o.s.b.a.w.s.WelcomePageHandlerMapping    : Adding welcome page template: index
2022-10-29 13:25:09.178  INFO 74808 --- [main] o.s.b.w.embedded.tomcat.TomcatWebServer  : Tomcat started on port(s): 7070 (http) with context path ''
2022-10-29 13:25:09.187  INFO 74808 --- [main] c.l.datadispose.DataDisposeApplication   : Started DataDisposeApplication in 3.947 seconds (JVM running for 5.174)
2022-10-29 13:25:22.030  INFO 74808 --- [http-nio-7070-exec-1] o.a.c.c.C.[Tomcat].[localhost].[/]       : Initializing Spring DispatcherServlet 'dispatcherServlet'
2022-10-29 13:25:22.031  INFO 74808 --- [http-nio-7070-exec-1] o.s.web.servlet.DispatcherServlet        : Initializing Servlet 'dispatcherServlet'
2022-10-29 13:25:22.032  INFO 74808 --- [http-nio-7070-exec-1] o.s.web.servlet.DispatcherServlet        : Completed initialization in 1 ms
2022-10-29 14:24:46.479  WARN 74808 --- [http-nio-7070-exec-6] o.s.web.servlet.PageNotFound             : No mapping for GET /static3
2022-10-29 14:24:47.541  WARN 74808 --- [http-nio-7070-exec-3] o.s.web.servlet.PageNotFound             : No mapping for GET /static1
2022-10-29 14:24:48.553  WARN 74808 --- [http-nio-7070-exec-5] o.s.web.servlet.PageNotFound             : No mapping for GET /static2
2022-10-29 14:31:15.529  INFO 74808 --- [SpringApplicationShutdownHook] c.b.d.d.DynamicRoutingDataSource         : dynamic-datasource start closing ....
2022-10-29 14:31:15.533  INFO 74808 --- [SpringApplicationShutdownHook] com.alibaba.druid.pool.DruidDataSource   : {dataSource-3} closing ...
2022-10-29 14:31:15.536  INFO 74808 --- [SpringApplicationShutdownHook] com.alibaba.druid.pool.DruidDataSource   : {dataSource-3} closed
2022-10-29 14:31:15.536  INFO 74808 --- [SpringApplicationShutdownHook] com.alibaba.druid.pool.DruidDataSource   : {dataSource-2} closing ...
2022-10-29 14:31:15.540  INFO 74808 --- [SpringApplicationShutdownHook] com.alibaba.druid.pool.DruidDataSource   : {dataSource-2} closed
2022-10-29 14:31:15.540  INFO 74808 --- [SpringApplicationShutdownHook] com.alibaba.druid.pool.DruidDataSource   : {dataSource-1} closing ...
2022-10-29 14:31:15.541  INFO 74808 --- [SpringApplicationShutdownHook] com.alibaba.druid.pool.DruidDataSource   : {dataSource-1} closed
2022-10-29 14:31:15.541  INFO 74808 --- [SpringApplicationShutdownHook] c.b.d.d.DynamicRoutingDataSource         : dynamic-datasource all closed success,bye
2022-10-29 14:31:23.250  INFO 74688 --- [main] c.l.datadispose.DataDisposeApplication   : Starting DataDisposeApplication using Java 17.0.3.1 on Light-D with PID 74688 (C:\Users\Light\Desktop\桌面项目集合\DataDispose\target\classes started by Light in C:\Users\Light\Desktop\桌面项目集合\DataDispose)
2022-10-29 14:31:23.254  INFO 74688 --- [main] c.l.datadispose.DataDisposeApplication   : No active profile set, falling back to 1 default profile: "default"
2022-10-29 14:31:25.477  INFO 74688 --- [main] o.s.b.w.embedded.tomcat.TomcatWebServer  : Tomcat initialized with port(s): 7070 (http)
2022-10-29 14:31:25.487  INFO 74688 --- [main] o.apache.catalina.core.StandardService   : Starting service [Tomcat]
2022-10-29 14:31:25.488  INFO 74688 --- [main] org.apache.catalina.core.StandardEngine  : Starting Servlet engine: [Apache Tomcat/9.0.65]
2022-10-29 14:31:25.622  INFO 74688 --- [main] o.a.c.c.C.[Tomcat].[localhost].[/]       : Initializing Spring embedded WebApplicationContext
2022-10-29 14:31:25.622  INFO 74688 --- [main] w.s.c.ServletWebServerApplicationContext : Root WebApplicationContext: initialization completed in 2293 ms
2022-10-29 14:31:25.966  INFO 74688 --- [main] com.alibaba.druid.pool.DruidDataSource   : {dataSource-1,master} inited
2022-10-29 14:31:25.973  INFO 74688 --- [main] com.alibaba.druid.pool.DruidDataSource   : {dataSource-2,point} inited
2022-10-29 14:31:25.976  INFO 74688 --- [main] com.alibaba.druid.pool.DruidDataSource   : {dataSource-3,maintain} inited
2022-10-29 14:31:25.976  INFO 74688 --- [main] c.b.d.d.DynamicRoutingDataSource         : dynamic-datasource - add a datasource named [maintain] success
2022-10-29 14:31:25.977  INFO 74688 --- [main] c.b.d.d.DynamicRoutingDataSource         : dynamic-datasource - add a datasource named [point] success
2022-10-29 14:31:25.978  INFO 74688 --- [main] c.b.d.d.DynamicRoutingDataSource         : dynamic-datasource - add a datasource named [master] success
2022-10-29 14:31:25.978  INFO 74688 --- [main] c.b.d.d.DynamicRoutingDataSource         : dynamic-datasource initial loaded [3] datasource,primary datasource named [master]
2022-10-29 14:31:26.569  INFO 74688 --- [main] org.reflections.Reflections              : Reflections took 55 ms to scan 1 urls, producing 7 keys and 45 values
2022-10-29 14:31:27.111  INFO 74688 --- [main] o.s.b.a.w.s.WelcomePageHandlerMapping    : Adding welcome page template: index
2022-10-29 14:31:27.493  INFO 74688 --- [main] o.s.b.w.embedded.tomcat.TomcatWebServer  : Tomcat started on port(s): 7070 (http) with context path ''
2022-10-29 14:31:27.509  INFO 74688 --- [main] c.l.datadispose.DataDisposeApplication   : Started DataDisposeApplication in 4.942 seconds (JVM running for 5.964)
2022-10-29 14:31:34.608  INFO 74688 --- [http-nio-7070-exec-1] o.a.c.c.C.[Tomcat].[localhost].[/]       : Initializing Spring DispatcherServlet 'dispatcherServlet'
2022-10-29 14:31:34.609  INFO 74688 --- [http-nio-7070-exec-1] o.s.web.servlet.DispatcherServlet        : Initializing Servlet 'dispatcherServlet'
2022-10-29 14:31:34.611  INFO 74688 --- [http-nio-7070-exec-1] o.s.web.servlet.DispatcherServlet        : Completed initialization in 2 ms
